CRITICAL - 2022-05-03 07:22:44 --> Undefined variable: session
#0 C:\wamp64\www\ppe_chopesgames_ci4\app\Views\visiteur\s_enregistrer.php(35): CodeIgniter\Debug\Exceptions->errorHandler(8, 'Undefined varia...', 'C:\\wamp64\\www\\p...', 35, Array)
#1 C:\wamp64\www\ppe_chopesgames_ci4\system\View\View.php(214): include('C:\\wamp64\\www\\p...')
#2 C:\wamp64\www\ppe_chopesgames_ci4\system\View\View.php(217): CodeIgniter\View\View->CodeIgniter\View\{closure}()
#3 C:\wamp64\www\ppe_chopesgames_ci4\system\Common.php(1097): CodeIgniter\View\View->render('visiteur/s_enre...', Array, true)
#4 C:\wamp64\www\ppe_chopesgames_ci4\app\Controllers\Visiteur.php(301): view('visiteur/s_enre...', Array)
#5 C:\wamp64\www\ppe_chopesgames_ci4\system\CodeIgniter.php(824): App\Controllers\Visiteur->s_enregistrer()
#6 C:\wamp64\www\ppe_chopesgames_ci4\system\CodeIgniter.php(410): CodeIgniter\CodeIgniter->runController(Object(App\Controllers\Visiteur))
#7 C:\wamp64\www\ppe_chopesgames_ci4\system\CodeIgniter.php(318): CodeIgniter\CodeIgniter->handleRequest(NULL, Object(Config\Cache), false)
#8 C:\wamp64\www\ppe_chopesgames_ci4\public\index.php(37): CodeIgniter\CodeIgniter->run()
#9 {main}
CRITICAL - 2022-05-03 07:23:03 --> Undefined variable: session
#0 C:\wamp64\www\ppe_chopesgames_ci4\app\Views\visiteur\s_enregistrer.php(35): CodeIgniter\Debug\Exceptions->errorHandler(8, 'Undefined varia...', 'C:\\wamp64\\www\\p...', 35, Array)
#1 C:\wamp64\www\ppe_chopesgames_ci4\system\View\View.php(214): include('C:\\wamp64\\www\\p...')
#2 C:\wamp64\www\ppe_chopesgames_ci4\system\View\View.php(217): CodeIgniter\View\View->CodeIgniter\View\{closure}()
#3 C:\wamp64\www\ppe_chopesgames_ci4\system\Common.php(1097): CodeIgniter\View\View->render('visiteur/s_enre...', Array, true)
#4 C:\wamp64\www\ppe_chopesgames_ci4\app\Controllers\Visiteur.php(301): view('visiteur/s_enre...', Array)
#5 C:\wamp64\www\ppe_chopesgames_ci4\system\CodeIgniter.php(824): App\Controllers\Visiteur->s_enregistrer()
#6 C:\wamp64\www\ppe_chopesgames_ci4\system\CodeIgniter.php(410): CodeIgniter\CodeIgniter->runController(Object(App\Controllers\Visiteur))
#7 C:\wamp64\www\ppe_chopesgames_ci4\system\CodeIgniter.php(318): CodeIgniter\CodeIgniter->handleRequest(NULL, Object(Config\Cache), false)
#8 C:\wamp64\www\ppe_chopesgames_ci4\public\index.php(37): CodeIgniter\CodeIgniter->run()
#9 {main}
CRITICAL - 2022-05-03 07:23:07 --> Undefined variable: session
#0 C:\wamp64\www\ppe_chopesgames_ci4\app\Views\visiteur\s_enregistrer.php(35): CodeIgniter\Debug\Exceptions->errorHandler(8, 'Undefined varia...', 'C:\\wamp64\\www\\p...', 35, Array)
#1 C:\wamp64\www\ppe_chopesgames_ci4\system\View\View.php(214): include('C:\\wamp64\\www\\p...')
#2 C:\wamp64\www\ppe_chopesgames_ci4\system\View\View.php(217): CodeIgniter\View\View->CodeIgniter\View\{closure}()
#3 C:\wamp64\www\ppe_chopesgames_ci4\system\Common.php(1097): CodeIgniter\View\View->render('visiteur/s_enre...', Array, true)
#4 C:\wamp64\www\ppe_chopesgames_ci4\app\Controllers\Visiteur.php(301): view('visiteur/s_enre...', Array)
#5 C:\wamp64\www\ppe_chopesgames_ci4\system\CodeIgniter.php(824): App\Controllers\Visiteur->s_enregistrer()
#6 C:\wamp64\www\ppe_chopesgames_ci4\system\CodeIgniter.php(410): CodeIgniter\CodeIgniter->runController(Object(App\Controllers\Visiteur))
#7 C:\wamp64\www\ppe_chopesgames_ci4\system\CodeIgniter.php(318): CodeIgniter\CodeIgniter->handleRequest(NULL, Object(Config\Cache), false)
#8 C:\wamp64\www\ppe_chopesgames_ci4\public\index.php(37): CodeIgniter\CodeIgniter->run()
#9 {main}
CRITICAL - 2022-05-03 07:38:48 --> Array to string conversion
#0 C:\wamp64\www\ppe_chopesgames_ci4\app\Models\ModeleProduit.php(36): CodeIgniter\Debug\Exceptions->errorHandler(8, 'Array to string...', 'C:\\wamp64\\www\\p...', 36, Array)
#1 C:\wamp64\www\ppe_chopesgames_ci4\app\Controllers\AdministrateurSuper.php(444): App\Models\ModeleProduit->update_vitrine('1')
#2 C:\wamp64\www\ppe_chopesgames_ci4\system\CodeIgniter.php(824): App\Controllers\AdministrateurSuper->Vitrine('1')
#3 C:\wamp64\www\ppe_chopesgames_ci4\system\CodeIgniter.php(410): CodeIgniter\CodeIgniter->runController(Object(App\Controllers\AdministrateurSuper))
#4 C:\wamp64\www\ppe_chopesgames_ci4\system\CodeIgniter.php(318): CodeIgniter\CodeIgniter->handleRequest(NULL, Object(Config\Cache), false)
#5 C:\wamp64\www\ppe_chopesgames_ci4\public\index.php(37): CodeIgniter\CodeIgniter->run()
#6 {main}
CRITICAL - 2022-05-03 09:43:13 --> Trying to access array offset on value of type null
#0 C:\wamp64\www\ppe_chopesgames_ci4\app\Views\AdministrateurSuper\modifier_admin.php(9): CodeIgniter\Debug\Exceptions->errorHandler(8, 'Trying to acces...', 'C:\\wamp64\\www\\p...', 9, Array)
#1 C:\wamp64\www\ppe_chopesgames_ci4\system\View\View.php(214): include('C:\\wamp64\\www\\p...')
#2 C:\wamp64\www\ppe_chopesgames_ci4\system\View\View.php(217): CodeIgniter\View\View->CodeIgniter\View\{closure}()
#3 C:\wamp64\www\ppe_chopesgames_ci4\system\Common.php(1097): CodeIgniter\View\View->render('AdministrateurS...', Array, true)
#4 C:\wamp64\www\ppe_chopesgames_ci4\app\Controllers\AdministrateurSuper.php(382): view('AdministrateurS...')
#5 C:\wamp64\www\ppe_chopesgames_ci4\system\CodeIgniter.php(824): App\Controllers\AdministrateurSuper->modifier_admin('lcasm')
#6 C:\wamp64\www\ppe_chopesgames_ci4\system\CodeIgniter.php(410): CodeIgniter\CodeIgniter->runController(Object(App\Controllers\AdministrateurSuper))
#7 C:\wamp64\www\ppe_chopesgames_ci4\system\CodeIgniter.php(318): CodeIgniter\CodeIgniter->handleRequest(NULL, Object(Config\Cache), false)
#8 C:\wamp64\www\ppe_chopesgames_ci4\public\index.php(37): CodeIgniter\CodeIgniter->run()
#9 {main}
CRITICAL - 2022-05-03 09:43:40 --> Trying to access array offset on value of type null
#0 C:\wamp64\www\ppe_chopesgames_ci4\app\Controllers\Visiteur.php(392): CodeIgniter\Debug\Exceptions->errorHandler(8, 'Trying to acces...', 'C:\\wamp64\\www\\p...', 392, Array)
#1 C:\wamp64\www\ppe_chopesgames_ci4\system\CodeIgniter.php(824): App\Controllers\Visiteur->connexion_administrateur()
#2 C:\wamp64\www\ppe_chopesgames_ci4\system\CodeIgniter.php(410): CodeIgniter\CodeIgniter->runController(Object(App\Controllers\Visiteur))
#3 C:\wamp64\www\ppe_chopesgames_ci4\system\CodeIgniter.php(318): CodeIgniter\CodeIgniter->handleRequest(NULL, Object(Config\Cache), false)
#4 C:\wamp64\www\ppe_chopesgames_ci4\public\index.php(37): CodeIgniter\CodeIgniter->run()
#5 {main}
CRITICAL - 2022-05-03 09:46:04 --> Trying to access array offset on value of type null
#0 C:\wamp64\www\ppe_chopesgames_ci4\app\Controllers\Visiteur.php(392): CodeIgniter\Debug\Exceptions->errorHandler(8, 'Trying to acces...', 'C:\\wamp64\\www\\p...', 392, Array)
#1 C:\wamp64\www\ppe_chopesgames_ci4\system\CodeIgniter.php(824): App\Controllers\Visiteur->connexion_administrateur()
#2 C:\wamp64\www\ppe_chopesgames_ci4\system\CodeIgniter.php(410): CodeIgniter\CodeIgniter->runController(Object(App\Controllers\Visiteur))
#3 C:\wamp64\www\ppe_chopesgames_ci4\system\CodeIgniter.php(318): CodeIgniter\CodeIgniter->handleRequest(NULL, Object(Config\Cache), false)
#4 C:\wamp64\www\ppe_chopesgames_ci4\public\index.php(37): CodeIgniter\CodeIgniter->run()
#5 {main}
CRITICAL - 2022-05-03 09:47:18 --> Trying to access array offset on value of type null
#0 C:\wamp64\www\ppe_chopesgames_ci4\app\Controllers\Visiteur.php(392): CodeIgniter\Debug\Exceptions->errorHandler(8, 'Trying to acces...', 'C:\\wamp64\\www\\p...', 392, Array)
#1 C:\wamp64\www\ppe_chopesgames_ci4\system\CodeIgniter.php(824): App\Controllers\Visiteur->connexion_administrateur()
#2 C:\wamp64\www\ppe_chopesgames_ci4\system\CodeIgniter.php(410): CodeIgniter\CodeIgniter->runController(Object(App\Controllers\Visiteur))
#3 C:\wamp64\www\ppe_chopesgames_ci4\system\CodeIgniter.php(318): CodeIgniter\CodeIgniter->handleRequest(NULL, Object(Config\Cache), false)
#4 C:\wamp64\www\ppe_chopesgames_ci4\public\index.php(37): CodeIgniter\CodeIgniter->run()
#5 {main}
CRITICAL - 2022-05-03 09:48:38 --> syntax error, unexpected 'if' (T_IF)
#0 C:\wamp64\www\ppe_chopesgames_ci4\system\Router\Router.php(176): CodeIgniter\Router\Router->autoRoute('Visiteur/connex...')
#1 C:\wamp64\www\ppe_chopesgames_ci4\system\CodeIgniter.php(718): CodeIgniter\Router\Router->handle('Visiteur/connex...')
#2 C:\wamp64\www\ppe_chopesgames_ci4\system\CodeIgniter.php(359): CodeIgniter\CodeIgniter->tryToRouteIt(Object(CodeIgniter\Router\RouteCollection))
#3 C:\wamp64\www\ppe_chopesgames_ci4\system\CodeIgniter.php(318): CodeIgniter\CodeIgniter->handleRequest(NULL, Object(Config\Cache), false)
#4 C:\wamp64\www\ppe_chopesgames_ci4\public\index.php(37): CodeIgniter\CodeIgniter->run()
#5 {main}
CRITICAL - 2022-05-03 09:48:40 --> syntax error, unexpected 'if' (T_IF)
#0 C:\wamp64\www\ppe_chopesgames_ci4\system\Router\Router.php(176): CodeIgniter\Router\Router->autoRoute('Visiteur/se_con...')
#1 C:\wamp64\www\ppe_chopesgames_ci4\system\CodeIgniter.php(718): CodeIgniter\Router\Router->handle('Visiteur/se_con...')
#2 C:\wamp64\www\ppe_chopesgames_ci4\system\CodeIgniter.php(359): CodeIgniter\CodeIgniter->tryToRouteIt(Object(CodeIgniter\Router\RouteCollection))
#3 C:\wamp64\www\ppe_chopesgames_ci4\system\CodeIgniter.php(318): CodeIgniter\CodeIgniter->handleRequest(NULL, Object(Config\Cache), false)
#4 C:\wamp64\www\ppe_chopesgames_ci4\public\index.php(37): CodeIgniter\CodeIgniter->run()
#5 {main}
CRITICAL - 2022-05-03 09:48:41 --> syntax error, unexpected 'if' (T_IF)
#0 C:\wamp64\www\ppe_chopesgames_ci4\system\Router\Router.php(176): CodeIgniter\Router\Router->autoRoute('Visiteur/accuei...')
#1 C:\wamp64\www\ppe_chopesgames_ci4\system\CodeIgniter.php(718): CodeIgniter\Router\Router->handle('Visiteur/accuei...')
#2 C:\wamp64\www\ppe_chopesgames_ci4\system\CodeIgniter.php(359): CodeIgniter\CodeIgniter->tryToRouteIt(Object(CodeIgniter\Router\RouteCollection))
#3 C:\wamp64\www\ppe_chopesgames_ci4\system\CodeIgniter.php(318): CodeIgniter\CodeIgniter->handleRequest(NULL, Object(Config\Cache), false)
#4 C:\wamp64\www\ppe_chopesgames_ci4\public\index.php(37): CodeIgniter\CodeIgniter->run()
#5 {main}
CRITICAL - 2022-05-03 09:48:51 --> Trying to access array offset on value of type null
#0 C:\wamp64\www\ppe_chopesgames_ci4\app\Views\AdministrateurSuper\modifier_admin.php(9): CodeIgniter\Debug\Exceptions->errorHandler(8, 'Trying to acces...', 'C:\\wamp64\\www\\p...', 9, Array)
#1 C:\wamp64\www\ppe_chopesgames_ci4\system\View\View.php(214): include('C:\\wamp64\\www\\p...')
#2 C:\wamp64\www\ppe_chopesgames_ci4\system\View\View.php(217): CodeIgniter\View\View->CodeIgniter\View\{closure}()
#3 C:\wamp64\www\ppe_chopesgames_ci4\system\Common.php(1097): CodeIgniter\View\View->render('AdministrateurS...', Array, true)
#4 C:\wamp64\www\ppe_chopesgames_ci4\app\Controllers\AdministrateurSuper.php(382): view('AdministrateurS...')
#5 C:\wamp64\www\ppe_chopesgames_ci4\system\CodeIgniter.php(824): App\Controllers\AdministrateurSuper->modifier_admin('lcasm')
#6 C:\wamp64\www\ppe_chopesgames_ci4\system\CodeIgniter.php(410): CodeIgniter\CodeIgniter->runController(Object(App\Controllers\AdministrateurSuper))
#7 C:\wamp64\www\ppe_chopesgames_ci4\system\CodeIgniter.php(318): CodeIgniter\CodeIgniter->handleRequest(NULL, Object(Config\Cache), false)
#8 C:\wamp64\www\ppe_chopesgames_ci4\public\index.php(37): CodeIgniter\CodeIgniter->run()
#9 {main}
CRITICAL - 2022-05-03 09:49:00 --> Trying to access array offset on value of type null
#0 C:\wamp64\www\ppe_chopesgames_ci4\app\Controllers\Visiteur.php(392): CodeIgniter\Debug\Exceptions->errorHandler(8, 'Trying to acces...', 'C:\\wamp64\\www\\p...', 392, Array)
#1 C:\wamp64\www\ppe_chopesgames_ci4\system\CodeIgniter.php(824): App\Controllers\Visiteur->connexion_administrateur()
#2 C:\wamp64\www\ppe_chopesgames_ci4\system\CodeIgniter.php(410): CodeIgniter\CodeIgniter->runController(Object(App\Controllers\Visiteur))
#3 C:\wamp64\www\ppe_chopesgames_ci4\system\CodeIgniter.php(318): CodeIgniter\CodeIgniter->handleRequest(NULL, Object(Config\Cache), false)
#4 C:\wamp64\www\ppe_chopesgames_ci4\public\index.php(37): CodeIgniter\CodeIgniter->run()
#5 {main}
CRITICAL - 2022-05-03 09:49:57 --> Trying to access array offset on value of type null
#0 C:\wamp64\www\ppe_chopesgames_ci4\app\Controllers\Visiteur.php(392): CodeIgniter\Debug\Exceptions->errorHandler(8, 'Trying to acces...', 'C:\\wamp64\\www\\p...', 392, Array)
#1 C:\wamp64\www\ppe_chopesgames_ci4\system\CodeIgniter.php(824): App\Controllers\Visiteur->connexion_administrateur()
#2 C:\wamp64\www\ppe_chopesgames_ci4\system\CodeIgniter.php(410): CodeIgniter\CodeIgniter->runController(Object(App\Controllers\Visiteur))
#3 C:\wamp64\www\ppe_chopesgames_ci4\system\CodeIgniter.php(318): CodeIgniter\CodeIgniter->handleRequest(NULL, Object(Config\Cache), false)
#4 C:\wamp64\www\ppe_chopesgames_ci4\public\index.php(37): CodeIgniter\CodeIgniter->run()
#5 {main}
CRITICAL - 2022-05-03 09:50:02 --> Trying to access array offset on value of type null
#0 C:\wamp64\www\ppe_chopesgames_ci4\app\Controllers\Visiteur.php(392): CodeIgniter\Debug\Exceptions->errorHandler(8, 'Trying to acces...', 'C:\\wamp64\\www\\p...', 392, Array)
#1 C:\wamp64\www\ppe_chopesgames_ci4\system\CodeIgniter.php(824): App\Controllers\Visiteur->connexion_administrateur()
#2 C:\wamp64\www\ppe_chopesgames_ci4\system\CodeIgniter.php(410): CodeIgniter\CodeIgniter->runController(Object(App\Controllers\Visiteur))
#3 C:\wamp64\www\ppe_chopesgames_ci4\system\CodeIgniter.php(318): CodeIgniter\CodeIgniter->handleRequest(NULL, Object(Config\Cache), false)
#4 C:\wamp64\www\ppe_chopesgames_ci4\public\index.php(37): CodeIgniter\CodeIgniter->run()
#5 {main}
CRITICAL - 2022-05-03 09:50:36 --> Trying to access array offset on value of type null
#0 C:\wamp64\www\ppe_chopesgames_ci4\app\Controllers\Visiteur.php(392): CodeIgniter\Debug\Exceptions->errorHandler(8, 'Trying to acces...', 'C:\\wamp64\\www\\p...', 392, Array)
#1 C:\wamp64\www\ppe_chopesgames_ci4\system\CodeIgniter.php(824): App\Controllers\Visiteur->connexion_administrateur()
#2 C:\wamp64\www\ppe_chopesgames_ci4\system\CodeIgniter.php(410): CodeIgniter\CodeIgniter->runController(Object(App\Controllers\Visiteur))
#3 C:\wamp64\www\ppe_chopesgames_ci4\system\CodeIgniter.php(318): CodeIgniter\CodeIgniter->handleRequest(NULL, Object(Config\Cache), false)
#4 C:\wamp64\www\ppe_chopesgames_ci4\public\index.php(37): CodeIgniter\CodeIgniter->run()
#5 {main}
CRITICAL - 2022-05-03 09:50:58 --> Trying to access array offset on value of type null
#0 C:\wamp64\www\ppe_chopesgames_ci4\app\Controllers\Visiteur.php(392): CodeIgniter\Debug\Exceptions->errorHandler(8, 'Trying to acces...', 'C:\\wamp64\\www\\p...', 392, Array)
#1 C:\wamp64\www\ppe_chopesgames_ci4\system\CodeIgniter.php(824): App\Controllers\Visiteur->connexion_administrateur()
#2 C:\wamp64\www\ppe_chopesgames_ci4\system\CodeIgniter.php(410): CodeIgniter\CodeIgniter->runController(Object(App\Controllers\Visiteur))
#3 C:\wamp64\www\ppe_chopesgames_ci4\system\CodeIgniter.php(318): CodeIgniter\CodeIgniter->handleRequest(NULL, Object(Config\Cache), false)
#4 C:\wamp64\www\ppe_chopesgames_ci4\public\index.php(37): CodeIgniter\CodeIgniter->run()
#5 {main}
CRITICAL - 2022-05-03 09:51:33 --> Trying to access array offset on value of type null
#0 C:\wamp64\www\ppe_chopesgames_ci4\app\Controllers\Visiteur.php(394): CodeIgniter\Debug\Exceptions->errorHandler(8, 'Trying to acces...', 'C:\\wamp64\\www\\p...', 394, Array)
#1 C:\wamp64\www\ppe_chopesgames_ci4\system\CodeIgniter.php(824): App\Controllers\Visiteur->connexion_administrateur()
#2 C:\wamp64\www\ppe_chopesgames_ci4\system\CodeIgniter.php(410): CodeIgniter\CodeIgniter->runController(Object(App\Controllers\Visiteur))
#3 C:\wamp64\www\ppe_chopesgames_ci4\system\CodeIgniter.php(318): CodeIgniter\CodeIgniter->handleRequest(NULL, Object(Config\Cache), false)
#4 C:\wamp64\www\ppe_chopesgames_ci4\public\index.php(37): CodeIgniter\CodeIgniter->run()
#5 {main}
CRITICAL - 2022-05-03 09:51:45 --> Trying to access array offset on value of type null
#0 C:\wamp64\www\ppe_chopesgames_ci4\app\Controllers\Visiteur.php(394): CodeIgniter\Debug\Exceptions->errorHandler(8, 'Trying to acces...', 'C:\\wamp64\\www\\p...', 394, Array)
#1 C:\wamp64\www\ppe_chopesgames_ci4\system\CodeIgniter.php(824): App\Controllers\Visiteur->connexion_administrateur()
#2 C:\wamp64\www\ppe_chopesgames_ci4\system\CodeIgniter.php(410): CodeIgniter\CodeIgniter->runController(Object(App\Controllers\Visiteur))
#3 C:\wamp64\www\ppe_chopesgames_ci4\system\CodeIgniter.php(318): CodeIgniter\CodeIgniter->handleRequest(NULL, Object(Config\Cache), false)
#4 C:\wamp64\www\ppe_chopesgames_ci4\public\index.php(37): CodeIgniter\CodeIgniter->run()
#5 {main}
