CRITICAL - 2022-04-28 05:58:57 --> Call to undefined method App\Models\ModeleProduit::retournerSlug
#0 C:\Users\BTS SIO\Desktop\cours\greta projets\ppe_chopesgames_ci4\app\Controllers\Visiteur.php(427): CodeIgniter\Model->__call('retournerSlug', Array)
#1 C:\Users\BTS SIO\Desktop\cours\greta projets\ppe_chopesgames_ci4\system\CodeIgniter.php(824): App\Controllers\Visiteur->prodById(1)
#2 C:\Users\BTS SIO\Desktop\cours\greta projets\ppe_chopesgames_ci4\system\CodeIgniter.php(410): CodeIgniter\CodeIgniter->runController(Object(App\Controllers\Visiteur))
#3 C:\Users\BTS SIO\Desktop\cours\greta projets\ppe_chopesgames_ci4\system\CodeIgniter.php(318): CodeIgniter\CodeIgniter->handleRequest(NULL, Object(Config\Cache), false)
#4 C:\Users\BTS SIO\Desktop\cours\greta projets\ppe_chopesgames_ci4\public\index.php(37): CodeIgniter\CodeIgniter->run()
#5 C:\Users\BTS SIO\Desktop\cours\greta projets\ppe_chopesgames_ci4\system\Commands\Server\rewrite.php(43): require_once('C:\\Users\\BTS SI...')
#6 {main}
ERROR - 2022-04-28 09:26:00 --> Duplicata du champ 'greta' pour la clef 'PRIMARY'
CRITICAL - 2022-04-28 09:26:00 --> Duplicata du champ 'greta' pour la clef 'PRIMARY'
#0 C:\wamp64\www\ppe_chopesgames_ci4\system\Database\MySQLi\Connection.php(292): mysqli->query('INSERT INTO `ad...', 0)
#1 C:\wamp64\www\ppe_chopesgames_ci4\system\Database\BaseConnection.php(670): CodeIgniter\Database\MySQLi\Connection->execute('INSERT INTO `ad...')
#2 C:\wamp64\www\ppe_chopesgames_ci4\system\Database\BaseConnection.php(598): CodeIgniter\Database\BaseConnection->simpleQuery('INSERT INTO `ad...')
#3 C:\wamp64\www\ppe_chopesgames_ci4\system\Database\BaseBuilder.php(1759): CodeIgniter\Database\BaseConnection->query('INSERT INTO `ad...', Array, false)
#4 C:\wamp64\www\ppe_chopesgames_ci4\system\Model.php(239): CodeIgniter\Database\BaseBuilder->insert()
#5 C:\wamp64\www\ppe_chopesgames_ci4\system\BaseModel.php(738): CodeIgniter\Model->doInsert(Array)
#6 C:\wamp64\www\ppe_chopesgames_ci4\system\Model.php(620): CodeIgniter\BaseModel->insert(Array, true)
#7 C:\wamp64\www\ppe_chopesgames_ci4\app\Controllers\AdministrateurSuper.php(256): CodeIgniter\Model->insert(Array)
#8 C:\wamp64\www\ppe_chopesgames_ci4\system\CodeIgniter.php(824): App\Controllers\AdministrateurSuper->ajouter_un_admin()
#9 C:\wamp64\www\ppe_chopesgames_ci4\system\CodeIgniter.php(410): CodeIgniter\CodeIgniter->runController(Object(App\Controllers\AdministrateurSuper))
#10 C:\wamp64\www\ppe_chopesgames_ci4\system\CodeIgniter.php(318): CodeIgniter\CodeIgniter->handleRequest(NULL, Object(Config\Cache), false)
#11 C:\wamp64\www\ppe_chopesgames_ci4\public\index.php(37): CodeIgniter\CodeIgniter->run()
#12 {main}
