CRITICAL - 2022-05-05 06:54:42 --> syntax error, unexpected '.'
#0 C:\wamp64\www\ppe_chopesgames_ci4\system\Autoloader\Autoloader.php(241): CodeIgniter\Autoloader\Autoloader->includeFile('C:\\wamp64\\www\\p...')
#1 C:\wamp64\www\ppe_chopesgames_ci4\system\Autoloader\Autoloader.php(219): CodeIgniter\Autoloader\Autoloader->loadInNamespace('App\\Controllers...')
#2 [internal function]: CodeIgniter\Autoloader\Autoloader->loadClass('App\\Controllers...')
#3 [internal function]: spl_autoload_call('App\\Controllers...')
#4 C:\wamp64\www\ppe_chopesgames_ci4\system\CodeIgniter.php(789): class_exists('\\App\\Controller...', true)
#5 C:\wamp64\www\ppe_chopesgames_ci4\system\CodeIgniter.php(397): CodeIgniter\CodeIgniter->startController()
#6 C:\wamp64\www\ppe_chopesgames_ci4\system\CodeIgniter.php(318): CodeIgniter\CodeIgniter->handleRequest(NULL, Object(Config\Cache), false)
#7 C:\wamp64\www\ppe_chopesgames_ci4\public\index.php(37): CodeIgniter\CodeIgniter->run()
#8 {main}
CRITICAL - 2022-05-05 07:04:02 --> syntax error, unexpected '}', expecting identifier (T_STRING) or variable (T_VARIABLE) or '{' or '$'
#0 C:\wamp64\www\ppe_chopesgames_ci4\system\Autoloader\Autoloader.php(241): CodeIgniter\Autoloader\Autoloader->includeFile('C:\\wamp64\\www\\p...')
#1 C:\wamp64\www\ppe_chopesgames_ci4\system\Autoloader\Autoloader.php(219): CodeIgniter\Autoloader\Autoloader->loadInNamespace('App\\Controllers...')
#2 [internal function]: CodeIgniter\Autoloader\Autoloader->loadClass('App\\Controllers...')
#3 [internal function]: spl_autoload_call('App\\Controllers...')
#4 C:\wamp64\www\ppe_chopesgames_ci4\system\CodeIgniter.php(789): class_exists('\\App\\Controller...', true)
#5 C:\wamp64\www\ppe_chopesgames_ci4\system\CodeIgniter.php(397): CodeIgniter\CodeIgniter->startController()
#6 C:\wamp64\www\ppe_chopesgames_ci4\system\CodeIgniter.php(318): CodeIgniter\CodeIgniter->handleRequest(NULL, Object(Config\Cache), false)
#7 C:\wamp64\www\ppe_chopesgames_ci4\public\index.php(37): CodeIgniter\CodeIgniter->run()
#8 {main}
CRITICAL - 2022-05-05 07:04:23 --> Call to a member function getPost() on null
#0 C:\wamp64\www\ppe_chopesgames_ci4\app\Controllers\Route.php(39): App\Controllers\Visiteur->lister_les_produits()
#1 C:\wamp64\www\ppe_chopesgames_ci4\system\CodeIgniter.php(824): App\Controllers\Route->allProd()
#2 C:\wamp64\www\ppe_chopesgames_ci4\system\CodeIgniter.php(410): CodeIgniter\CodeIgniter->runController(Object(App\Controllers\Route))
#3 C:\wamp64\www\ppe_chopesgames_ci4\system\CodeIgniter.php(318): CodeIgniter\CodeIgniter->handleRequest(NULL, Object(Config\Cache), false)
#4 C:\wamp64\www\ppe_chopesgames_ci4\public\index.php(37): CodeIgniter\CodeIgniter->run()
#5 {main}
CRITICAL - 2022-05-05 07:20:31 -->  is not a valid rule.
#0 C:\wamp64\www\ppe_chopesgames_ci4\system\Validation\Validation.php(285): CodeIgniter\Validation\Exceptions\ValidationException::forRuleNotFound('')
#1 C:\wamp64\www\ppe_chopesgames_ci4\system\Validation\Validation.php(151): CodeIgniter\Validation\Validation->processRules('vitrine', 'vitrine', NULL, Array, Array)
#2 C:\wamp64\www\ppe_chopesgames_ci4\system\Controller.php(160): CodeIgniter\Validation\Validation->run()
#3 C:\wamp64\www\ppe_chopesgames_ci4\app\Controllers\AdministrateurSuper.php(311): CodeIgniter\Controller->validate(Array)
#4 C:\wamp64\www\ppe_chopesgames_ci4\system\CodeIgniter.php(824): App\Controllers\AdministrateurSuper->modifier_produit('2')
#5 C:\wamp64\www\ppe_chopesgames_ci4\system\CodeIgniter.php(410): CodeIgniter\CodeIgniter->runController(Object(App\Controllers\AdministrateurSuper))
#6 C:\wamp64\www\ppe_chopesgames_ci4\system\CodeIgniter.php(318): CodeIgniter\CodeIgniter->handleRequest(NULL, Object(Config\Cache), false)
#7 C:\wamp64\www\ppe_chopesgames_ci4\public\index.php(37): CodeIgniter\CodeIgniter->run()
#8 {main}
CRITICAL - 2022-05-05 07:28:44 --> Call to a member function getPost() on null
#0 C:\wamp64\www\ppe_chopesgames_ci4\app\Controllers\Route.php(39): App\Controllers\Visiteur->lister_les_produits()
#1 C:\wamp64\www\ppe_chopesgames_ci4\system\CodeIgniter.php(824): App\Controllers\Route->allProd()
#2 C:\wamp64\www\ppe_chopesgames_ci4\system\CodeIgniter.php(410): CodeIgniter\CodeIgniter->runController(Object(App\Controllers\Route))
#3 C:\wamp64\www\ppe_chopesgames_ci4\system\CodeIgniter.php(318): CodeIgniter\CodeIgniter->handleRequest(NULL, Object(Config\Cache), false)
#4 C:\wamp64\www\ppe_chopesgames_ci4\public\index.php(37): CodeIgniter\CodeIgniter->run()
#5 {main}
CRITICAL - 2022-05-05 07:29:37 --> Call to a member function getPost() on null
#0 C:\wamp64\www\ppe_chopesgames_ci4\app\Controllers\Route.php(39): App\Controllers\Visiteur->lister_les_produits()
#1 C:\wamp64\www\ppe_chopesgames_ci4\system\CodeIgniter.php(824): App\Controllers\Route->allProd()
#2 C:\wamp64\www\ppe_chopesgames_ci4\system\CodeIgniter.php(410): CodeIgniter\CodeIgniter->runController(Object(App\Controllers\Route))
#3 C:\wamp64\www\ppe_chopesgames_ci4\system\CodeIgniter.php(318): CodeIgniter\CodeIgniter->handleRequest(NULL, Object(Config\Cache), false)
#4 C:\wamp64\www\ppe_chopesgames_ci4\public\index.php(37): CodeIgniter\CodeIgniter->run()
#5 {main}
CRITICAL - 2022-05-05 07:31:48 --> Call to a member function getPost() on null
#0 C:\wamp64\www\ppe_chopesgames_ci4\app\Controllers\Route.php(39): App\Controllers\Visiteur->lister_les_produits()
#1 C:\wamp64\www\ppe_chopesgames_ci4\system\CodeIgniter.php(824): App\Controllers\Route->allProd()
#2 C:\wamp64\www\ppe_chopesgames_ci4\system\CodeIgniter.php(410): CodeIgniter\CodeIgniter->runController(Object(App\Controllers\Route))
#3 C:\wamp64\www\ppe_chopesgames_ci4\system\CodeIgniter.php(318): CodeIgniter\CodeIgniter->handleRequest(NULL, Object(Config\Cache), false)
#4 C:\wamp64\www\ppe_chopesgames_ci4\public\index.php(37): CodeIgniter\CodeIgniter->run()
#5 {main}
CRITICAL - 2022-05-05 07:32:06 --> Call to a member function getPost() on null
#0 C:\wamp64\www\ppe_chopesgames_ci4\app\Controllers\Route.php(39): App\Controllers\Visiteur->lister_les_produits()
#1 C:\wamp64\www\ppe_chopesgames_ci4\system\CodeIgniter.php(824): App\Controllers\Route->allProd()
#2 C:\wamp64\www\ppe_chopesgames_ci4\system\CodeIgniter.php(410): CodeIgniter\CodeIgniter->runController(Object(App\Controllers\Route))
#3 C:\wamp64\www\ppe_chopesgames_ci4\system\CodeIgniter.php(318): CodeIgniter\CodeIgniter->handleRequest(NULL, Object(Config\Cache), false)
#4 C:\wamp64\www\ppe_chopesgames_ci4\public\index.php(37): CodeIgniter\CodeIgniter->run()
#5 {main}
CRITICAL - 2022-05-05 07:32:37 --> Call to a member function getPost() on null
#0 C:\wamp64\www\ppe_chopesgames_ci4\app\Controllers\Route.php(39): App\Controllers\Visiteur->lister_les_produits()
#1 C:\wamp64\www\ppe_chopesgames_ci4\system\CodeIgniter.php(824): App\Controllers\Route->allProd()
#2 C:\wamp64\www\ppe_chopesgames_ci4\system\CodeIgniter.php(410): CodeIgniter\CodeIgniter->runController(Object(App\Controllers\Route))
#3 C:\wamp64\www\ppe_chopesgames_ci4\system\CodeIgniter.php(318): CodeIgniter\CodeIgniter->handleRequest(NULL, Object(Config\Cache), false)
#4 C:\wamp64\www\ppe_chopesgames_ci4\public\index.php(37): CodeIgniter\CodeIgniter->run()
#5 {main}
CRITICAL - 2022-05-05 07:34:14 --> Call to a member function getPost() on null
#0 C:\wamp64\www\ppe_chopesgames_ci4\app\Controllers\Route.php(39): App\Controllers\Visiteur->lister_les_produits()
#1 C:\wamp64\www\ppe_chopesgames_ci4\system\CodeIgniter.php(824): App\Controllers\Route->allProd()
#2 C:\wamp64\www\ppe_chopesgames_ci4\system\CodeIgniter.php(410): CodeIgniter\CodeIgniter->runController(Object(App\Controllers\Route))
#3 C:\wamp64\www\ppe_chopesgames_ci4\system\CodeIgniter.php(318): CodeIgniter\CodeIgniter->handleRequest(NULL, Object(Config\Cache), false)
#4 C:\wamp64\www\ppe_chopesgames_ci4\public\index.php(37): CodeIgniter\CodeIgniter->run()
#5 {main}
CRITICAL - 2022-05-05 07:34:20 --> Call to a member function getPost() on null
#0 C:\wamp64\www\ppe_chopesgames_ci4\app\Controllers\Route.php(39): App\Controllers\Visiteur->lister_les_produits()
#1 C:\wamp64\www\ppe_chopesgames_ci4\system\CodeIgniter.php(824): App\Controllers\Route->allProd()
#2 C:\wamp64\www\ppe_chopesgames_ci4\system\CodeIgniter.php(410): CodeIgniter\CodeIgniter->runController(Object(App\Controllers\Route))
#3 C:\wamp64\www\ppe_chopesgames_ci4\system\CodeIgniter.php(318): CodeIgniter\CodeIgniter->handleRequest(NULL, Object(Config\Cache), false)
#4 C:\wamp64\www\ppe_chopesgames_ci4\public\index.php(37): CodeIgniter\CodeIgniter->run()
#5 {main}
CRITICAL - 2022-05-05 07:39:24 --> Call to a member function getPost() on null
#0 C:\wamp64\www\ppe_chopesgames_ci4\app\Controllers\Route.php(39): App\Controllers\Visiteur->lister_les_produits()
#1 C:\wamp64\www\ppe_chopesgames_ci4\system\CodeIgniter.php(824): App\Controllers\Route->allProd()
#2 C:\wamp64\www\ppe_chopesgames_ci4\system\CodeIgniter.php(410): CodeIgniter\CodeIgniter->runController(Object(App\Controllers\Route))
#3 C:\wamp64\www\ppe_chopesgames_ci4\system\CodeIgniter.php(318): CodeIgniter\CodeIgniter->handleRequest(NULL, Object(Config\Cache), false)
#4 C:\wamp64\www\ppe_chopesgames_ci4\public\index.php(37): CodeIgniter\CodeIgniter->run()
#5 {main}
CRITICAL - 2022-05-05 07:39:43 --> Undefined variable: lesProduits
#0 C:\wamp64\www\ppe_chopesgames_ci4\app\Views\visiteur\lister_les_produits.php(16): CodeIgniter\Debug\Exceptions->errorHandler(8, 'Undefined varia...', 'C:\\wamp64\\www\\p...', 16, Array)
#1 C:\wamp64\www\ppe_chopesgames_ci4\system\View\View.php(214): include('C:\\wamp64\\www\\p...')
#2 C:\wamp64\www\ppe_chopesgames_ci4\system\View\View.php(217): CodeIgniter\View\View->CodeIgniter\View\{closure}()
#3 C:\wamp64\www\ppe_chopesgames_ci4\system\Common.php(1097): CodeIgniter\View\View->render('visiteur/lister...', Array, true)
#4 C:\wamp64\www\ppe_chopesgames_ci4\app\Controllers\Visiteur.php(51): view('visiteur/lister...')
#5 C:\wamp64\www\ppe_chopesgames_ci4\app\Controllers\Route.php(39): App\Controllers\Visiteur->lister_les_produits()
#6 C:\wamp64\www\ppe_chopesgames_ci4\system\CodeIgniter.php(824): App\Controllers\Route->allProd()
#7 C:\wamp64\www\ppe_chopesgames_ci4\system\CodeIgniter.php(410): CodeIgniter\CodeIgniter->runController(Object(App\Controllers\Route))
#8 C:\wamp64\www\ppe_chopesgames_ci4\system\CodeIgniter.php(318): CodeIgniter\CodeIgniter->handleRequest(NULL, Object(Config\Cache), false)
#9 C:\wamp64\www\ppe_chopesgames_ci4\public\index.php(37): CodeIgniter\CodeIgniter->run()
#10 {main}
CRITICAL - 2022-05-05 07:41:01 --> Call to a member function getPost() on null
#0 C:\wamp64\www\ppe_chopesgames_ci4\app\Controllers\Route.php(39): App\Controllers\Visiteur->lister_les_produits()
#1 C:\wamp64\www\ppe_chopesgames_ci4\system\CodeIgniter.php(824): App\Controllers\Route->allProd()
#2 C:\wamp64\www\ppe_chopesgames_ci4\system\CodeIgniter.php(410): CodeIgniter\CodeIgniter->runController(Object(App\Controllers\Route))
#3 C:\wamp64\www\ppe_chopesgames_ci4\system\CodeIgniter.php(318): CodeIgniter\CodeIgniter->handleRequest(NULL, Object(Config\Cache), false)
#4 C:\wamp64\www\ppe_chopesgames_ci4\public\index.php(37): CodeIgniter\CodeIgniter->run()
#5 {main}
CRITICAL - 2022-05-05 07:49:39 --> Call to a member function getPost() on null
#0 C:\wamp64\www\ppe_chopesgames_ci4\app\Controllers\Route.php(39): App\Controllers\Visiteur->lister_les_produits()
#1 C:\wamp64\www\ppe_chopesgames_ci4\system\CodeIgniter.php(824): App\Controllers\Route->allProd()
#2 C:\wamp64\www\ppe_chopesgames_ci4\system\CodeIgniter.php(410): CodeIgniter\CodeIgniter->runController(Object(App\Controllers\Route))
#3 C:\wamp64\www\ppe_chopesgames_ci4\system\CodeIgniter.php(318): CodeIgniter\CodeIgniter->handleRequest(NULL, Object(Config\Cache), false)
#4 C:\wamp64\www\ppe_chopesgames_ci4\public\index.php(37): CodeIgniter\CodeIgniter->run()
#5 {main}
CRITICAL - 2022-05-05 07:52:24 --> Call to a member function getPost() on null
#0 C:\wamp64\www\ppe_chopesgames_ci4\app\Controllers\Route.php(43): App\Controllers\Visiteur->lister_les_produits()
#1 C:\wamp64\www\ppe_chopesgames_ci4\system\CodeIgniter.php(824): App\Controllers\Route->tous()
#2 C:\wamp64\www\ppe_chopesgames_ci4\system\CodeIgniter.php(410): CodeIgniter\CodeIgniter->runController(Object(App\Controllers\Route))
#3 C:\wamp64\www\ppe_chopesgames_ci4\system\CodeIgniter.php(318): CodeIgniter\CodeIgniter->handleRequest(NULL, Object(Config\Cache), false)
#4 C:\wamp64\www\ppe_chopesgames_ci4\public\index.php(37): CodeIgniter\CodeIgniter->run()
#5 {main}
CRITICAL - 2022-05-05 07:53:23 --> Call to a member function getPost() on null
#0 C:\wamp64\www\ppe_chopesgames_ci4\app\Controllers\Route.php(43): App\Controllers\Visiteur->lister_les_produits()
#1 C:\wamp64\www\ppe_chopesgames_ci4\system\CodeIgniter.php(824): App\Controllers\Route->tous()
#2 C:\wamp64\www\ppe_chopesgames_ci4\system\CodeIgniter.php(410): CodeIgniter\CodeIgniter->runController(Object(App\Controllers\Route))
#3 C:\wamp64\www\ppe_chopesgames_ci4\system\CodeIgniter.php(318): CodeIgniter\CodeIgniter->handleRequest(NULL, Object(Config\Cache), false)
#4 C:\wamp64\www\ppe_chopesgames_ci4\public\index.php(37): CodeIgniter\CodeIgniter->run()
#5 {main}
CRITICAL - 2022-05-05 07:53:24 --> Call to a member function getPost() on null
#0 C:\wamp64\www\ppe_chopesgames_ci4\app\Controllers\Route.php(43): App\Controllers\Visiteur->lister_les_produits()
#1 C:\wamp64\www\ppe_chopesgames_ci4\system\CodeIgniter.php(824): App\Controllers\Route->tous()
#2 C:\wamp64\www\ppe_chopesgames_ci4\system\CodeIgniter.php(410): CodeIgniter\CodeIgniter->runController(Object(App\Controllers\Route))
#3 C:\wamp64\www\ppe_chopesgames_ci4\system\CodeIgniter.php(318): CodeIgniter\CodeIgniter->handleRequest(NULL, Object(Config\Cache), false)
#4 C:\wamp64\www\ppe_chopesgames_ci4\public\index.php(37): CodeIgniter\CodeIgniter->run()
#5 {main}
CRITICAL - 2022-05-05 07:54:50 --> Call to a member function getPost() on null
#0 C:\wamp64\www\ppe_chopesgames_ci4\app\Controllers\Route.php(43): App\Controllers\Visiteur->lister_les_produits()
#1 C:\wamp64\www\ppe_chopesgames_ci4\system\CodeIgniter.php(824): App\Controllers\Route->tous()
#2 C:\wamp64\www\ppe_chopesgames_ci4\system\CodeIgniter.php(410): CodeIgniter\CodeIgniter->runController(Object(App\Controllers\Route))
#3 C:\wamp64\www\ppe_chopesgames_ci4\system\CodeIgniter.php(318): CodeIgniter\CodeIgniter->handleRequest(NULL, Object(Config\Cache), false)
#4 C:\wamp64\www\ppe_chopesgames_ci4\public\index.php(37): CodeIgniter\CodeIgniter->run()
#5 {main}
CRITICAL - 2022-05-05 08:08:25 --> Call to a member function getPost() on null
#0 C:\wamp64\www\ppe_chopesgames_ci4\app\Controllers\Route.php(43): App\Controllers\Visiteur->lister_les_produits()
#1 C:\wamp64\www\ppe_chopesgames_ci4\system\CodeIgniter.php(824): App\Controllers\Route->tous()
#2 C:\wamp64\www\ppe_chopesgames_ci4\system\CodeIgniter.php(410): CodeIgniter\CodeIgniter->runController(Object(App\Controllers\Route))
#3 C:\wamp64\www\ppe_chopesgames_ci4\system\CodeIgniter.php(318): CodeIgniter\CodeIgniter->handleRequest(NULL, Object(Config\Cache), false)
#4 C:\wamp64\www\ppe_chopesgames_ci4\public\index.php(37): CodeIgniter\CodeIgniter->run()
#5 {main}
ERROR - 2022-05-05 09:52:54 --> Operand should contain 1 column(s)
CRITICAL - 2022-05-05 09:52:54 --> Operand should contain 1 column(s)
#0 C:\wamp64\www\ppe_chopesgames_ci4\system\Database\MySQLi\Connection.php(292): mysqli->query('SELECT *\nFROM `...', 0)
#1 C:\wamp64\www\ppe_chopesgames_ci4\system\Database\BaseConnection.php(670): CodeIgniter\Database\MySQLi\Connection->execute('SELECT *\nFROM `...')
#2 C:\wamp64\www\ppe_chopesgames_ci4\system\Database\BaseConnection.php(598): CodeIgniter\Database\BaseConnection->simpleQuery('SELECT *\nFROM `...')
#3 C:\wamp64\www\ppe_chopesgames_ci4\system\Database\BaseBuilder.php(1443): CodeIgniter\Database\BaseConnection->query('SELECT *\nFROM `...', Array, false)
#4 C:\wamp64\www\ppe_chopesgames_ci4\system\Model.php(210): CodeIgniter\Database\BaseBuilder->get()
#5 C:\wamp64\www\ppe_chopesgames_ci4\system\BaseModel.php(622): CodeIgniter\Model->doFirst()
#6 C:\wamp64\www\ppe_chopesgames_ci4\app\Models\ModeleMarque.php(21): CodeIgniter\BaseModel->first()
#7 C:\wamp64\www\ppe_chopesgames_ci4\app\Controllers\Visiteur.php(63): App\Models\ModeleMarque->retourner_marques(Array)
#8 C:\wamp64\www\ppe_chopesgames_ci4\app\Controllers\Route.php(63): App\Controllers\Visiteur->lister_les_produits_parmarque(Array)
#9 C:\wamp64\www\ppe_chopesgames_ci4\system\CodeIgniter.php(824): App\Controllers\Route->marque('Blizzard')
#10 C:\wamp64\www\ppe_chopesgames_ci4\system\CodeIgniter.php(410): CodeIgniter\CodeIgniter->runController(Object(App\Controllers\Route))
#11 C:\wamp64\www\ppe_chopesgames_ci4\system\CodeIgniter.php(318): CodeIgniter\CodeIgniter->handleRequest(NULL, Object(Config\Cache), false)
#12 C:\wamp64\www\ppe_chopesgames_ci4\public\index.php(37): CodeIgniter\CodeIgniter->run()
#13 {main}
